<?xml version="1.0" encoding="UTF-8"?>
<!-- Generated by org.testng.reporters.JUnitReportReporter -->
<testsuite hostname="LAPTOP-AI0OB3V3" failures="0" tests="1" name="FirstFramework.AppiumFramework1.ecommerceProject_TC4" time="33.480" errors="0" timestamp="2021-12-02T14:46:28 AST" skipped="0">
  <testcase classname="FirstFramework.AppiumFramework1.ecommerceProject_TC4" name="totalValidation" time="33.480"/>
  <system-out/>
</testsuite> <!-- FirstFramework.AppiumFramework1.ecommerceProject_TC4 -->
